<?xml version="1.0" encoding="UTF-8"?>
<testng-results skipped="0" failed="0" ignored="0" total="1" passed="1">
  <reporter-output>
  </reporter-output>
  <suite name="Failed suite [Default suite]" duration-ms="11231" started-at="2018-10-26T18:03:08Z" finished-at="2018-10-26T18:03:19Z">
    <groups>
    </groups>
    <test name="Default test(failed)" duration-ms="11231" started-at="2018-10-26T18:03:08Z" finished-at="2018-10-26T18:03:19Z">
      <class name="seleniumPractice.Datadriven1Test">
        <test-method status="PASS" signature="propertiestest()[pri:0, instance:seleniumPractice.Datadriven1Test@47c62251]" name="propertiestest" duration-ms="11207" started-at="2018-10-26T18:03:08Z" finished-at="2018-10-26T18:03:19Z">
          <reporter-output>
          </reporter-output>
        </test-method> <!-- propertiestest -->
      </class> <!-- seleniumPractice.Datadriven1Test -->
    </test> <!-- Default test(failed) -->
  </suite> <!-- Failed suite [Default suite] -->
</testng-results>
